<?xml version="1.0" encoding="UTF-8"?>
<!-- Generated by org.testng.reporters.JUnitReportReporter -->
<testsuite hostname="G864098-W10" name="com.ecommerce.qa.testcases.RegistrationPageTest" tests="1" failures="0" timestamp="1 Jan 2022 02:46:01 GMT" time="6.908" errors="0">
  <testcase name="validateCreateNewUser" time="6.908" classname="com.ecommerce.qa.testcases.RegistrationPageTest"/>
</testsuite>
