<?xml version="1.0" encoding="UTF-8"?>
<!-- Generated by org.testng.reporters.JUnitReportReporter -->
<testsuite hostname="G864098-W10" name="com.ecommerce.qa.testcases.AboutUsTest" tests="3" failures="0" timestamp="30 Dec 2021 09:09:20 GMT" time="15.731" errors="0">
  <testcase name="aboutUsPageTitleTest" time="0.021" classname="com.ecommerce.qa.testcases.AboutUsTest"/>
  <testcase name="signInTest" time="15.612" classname="com.ecommerce.qa.testcases.AboutUsTest"/>
  <testcase name="logoImgTest" time="0.098" classname="com.ecommerce.qa.testcases.AboutUsTest"/>
</testsuite>
