<?xml version="1.0" encoding="UTF-8"?>
<!-- Generated by org.testng.reporters.JUnitReportReporter -->
<testsuite hostname="G864098-W10" name="com.ecommerce.qa.testcases.LoginPageTest" tests="3" failures="0" timestamp="1 Jan 2022 02:46:01 GMT" time="5.450" errors="0">
  <testcase name="loginPageTitleTest" time="0.025" classname="com.ecommerce.qa.testcases.LoginPageTest"/>
  <testcase name="createAccountTest" time="3.292" classname="com.ecommerce.qa.testcases.LoginPageTest"/>
  <testcase name="loginTest" time="2.133" classname="com.ecommerce.qa.testcases.LoginPageTest"/>
</testsuite>
