<?xml version="1.0" encoding="UTF-8"?>
<!-- Generated by org.testng.reporters.JUnitReportReporter -->
<testsuite hostname="G864098-W10" name="com.ecommerce.qa.testcases.HomePageTest" tests="3" failures="0" timestamp="1 Jan 2022 02:46:01 GMT" time="3.519" errors="0">
  <testcase name="aboutUsPageTitleTest" time="0.029" classname="com.ecommerce.qa.testcases.HomePageTest"/>
  <testcase name="signInTest" time="3.424" classname="com.ecommerce.qa.testcases.HomePageTest"/>
  <testcase name="logoImgTest" time="0.066" classname="com.ecommerce.qa.testcases.HomePageTest"/>
</testsuite>
